Performing C SOURCE FILE Test CMAKE_HAVE_LIBC_PTHREAD failed with the following output:
Change Dir: /home/ziyi/code/task_planning/ltl_ws/src/ltl_automation_a1/cmake-build-debug/CMakeFiles/CMakeTmp

Run Build Command(s):/usr/bin/make cmTC_126b9/fast && /usr/bin/make  -f CMakeFiles/cmTC_126b9.dir/build.make CMakeFiles/cmTC_126b9.dir/build
make[1]: Entering directory '/home/ziyi/code/task_planning/ltl_ws/src/ltl_automation_a1/cmake-build-debug/CMakeFiles/CMakeTmp'
Building C object CMakeFiles/cmTC_126b9.dir/src.c.o
/usr/bin/cc   -DCMAKE_HAVE_LIBC_PTHREAD   -o CMakeFiles/cmTC_126b9.dir/src.c.o   -c /home/ziyi/code/task_planning/ltl_ws/src/ltl_automation_a1/cmake-build-debug/CMakeFiles/CMakeTmp/src.c
Linking C executable cmTC_126b9
/home/ziyi/.local/share/JetBrains/Toolbox/apps/CLion/ch-0/203.7717.62/bin/cmake/linux/bin/cmake -E cmake_link_script CMakeFiles/cmTC_126b9.dir/link.txt --verbose=1
/usr/bin/cc  -DCMAKE_HAVE_LIBC_PTHREAD    -rdynamic CMakeFiles/cmTC_126b9.dir/src.c.o  -o cmTC_126b9 
CMakeFiles/cmTC_126b9.dir/src.c.o: In function `main':
src.c:(.text+0x3e): undefined reference to `pthread_create'
src.c:(.text+0x4a): undefined reference to `pthread_detach'
src.c:(.text+0x56): undefined reference to `pthread_cancel'
src.c:(.text+0x67): undefined reference to `pthread_join'
src.c:(.text+0x7b): undefined reference to `pthread_atfork'
collect2: error: ld returned 1 exit status
CMakeFiles/cmTC_126b9.dir/build.make:106: recipe for target 'cmTC_126b9' failed
make[1]: *** [cmTC_126b9] Error 1
make[1]: Leaving directory '/home/ziyi/code/task_planning/ltl_ws/src/ltl_automation_a1/cmake-build-debug/CMakeFiles/CMakeTmp'
Makefile:141: recipe for target 'cmTC_126b9/fast' failed
make: *** [cmTC_126b9/fast] Error 2


Source file was:
#include <pthread.h>

void* test_func(void* data)
{
  return data;
}

int main(void)
{
  pthread_t thread;
  pthread_create(&thread, NULL, test_func, NULL);
  pthread_detach(thread);
  pthread_cancel(thread);
  pthread_join(thread, NULL);
  pthread_atfork(NULL, NULL, NULL);
  pthread_exit(NULL);

  return 0;
}

Determining if the function pthread_create exists in the pthreads failed with the following output:
Change Dir: /home/ziyi/code/task_planning/ltl_ws/src/ltl_automation_a1/cmake-build-debug/CMakeFiles/CMakeTmp

Run Build Command(s):/usr/bin/make cmTC_7cc0a/fast && /usr/bin/make  -f CMakeFiles/cmTC_7cc0a.dir/build.make CMakeFiles/cmTC_7cc0a.dir/build
make[1]: Entering directory '/home/ziyi/code/task_planning/ltl_ws/src/ltl_automation_a1/cmake-build-debug/CMakeFiles/CMakeTmp'
Building C object CMakeFiles/cmTC_7cc0a.dir/CheckFunctionExists.c.o
/usr/bin/cc   -DCHECK_FUNCTION_EXISTS=pthread_create   -o CMakeFiles/cmTC_7cc0a.dir/CheckFunctionExists.c.o   -c /home/ziyi/.local/share/JetBrains/Toolbox/apps/CLion/ch-0/203.7717.62/bin/cmake/linux/share/cmake-3.17/Modules/CheckFunctionExists.c
Linking C executable cmTC_7cc0a
/home/ziyi/.local/share/JetBrains/Toolbox/apps/CLion/ch-0/203.7717.62/bin/cmake/linux/bin/cmake -E cmake_link_script CMakeFiles/cmTC_7cc0a.dir/link.txt --verbose=1
/usr/bin/cc  -DCHECK_FUNCTION_EXISTS=pthread_create    -rdynamic CMakeFiles/cmTC_7cc0a.dir/CheckFunctionExists.c.o  -o cmTC_7cc0a  -lpthreads 
/usr/bin/ld: cannot find -lpthreads
collect2: error: ld returned 1 exit status
CMakeFiles/cmTC_7cc0a.dir/build.make:106: recipe for target 'cmTC_7cc0a' failed
make[1]: *** [cmTC_7cc0a] Error 1
make[1]: Leaving directory '/home/ziyi/code/task_planning/ltl_ws/src/ltl_automation_a1/cmake-build-debug/CMakeFiles/CMakeTmp'
Makefile:141: recipe for target 'cmTC_7cc0a/fast' failed
make: *** [cmTC_7cc0a/fast] Error 2



